    1  sudo systemctl restart sshd
    2  cat ~/.ssh/authorized_keys
    3  ssh -i ~/.ssh/id_rsa carter_alemania@35.233.164.234
    4  ssh -i ~/.ssh/id_rsa carter_alemania@35.233.164.234
    5  cat ~/.ssh/authorized_keys
    6  ls
    7  cd cs131
    8  ls
    9  mkdir ws2
   10  ls
   11  cd ws2
   12  ls
   13  echo $HOME
   14  echo "Home" > ws2.txt
   15  $HOME >> ws2.txt
   16  ls
   17  vim ws2.txt
   18  $HOME
   19  echo $HOME >> ws2.txt
   20  vim ws2.txt
   21  ls /proc/ | grep
   22  ls /proc/ | grep mem
   23  ls /proc/ | grep cpu
   24  id
   25  echo "UID" >> ws2.txt
   26  echo id >> ws2.txt
   27  vim ws2.txt
   28  id
   29  id >> ws2.txt
   30  vim ws2.txt
   31  echo "mem " >> ws2.txt
   32  ls /proc/ | grep mem >> ws2.txt
   33  echo "cpu" >> ws2.txt
   34  ls /proc/ | grep cpu >> ws2.txt
   35  vim ws2.txt
   36  echo "memory info" >> ws2.txt
   37  head -n 10 /proc/meminfo
   38  head -n 10 /proc/meminfo >> ws2.txt
   39  echo "cpu info" >> ws2.txt
   40  head -n 20 /proc/cpuinfo
   41  tail -n 20 /proc/cpuinfo
   42  cat /proc/cpuinfo
   43  head -n 20 /proc/cpuinfo >> ws2.txt
   44  tail -n 20 /proc/cpuinfo >> ws2.txt
   45  cat /proc/cpuinfo >> ws2.txt
   46  vim ws2.txt
   47  cat /etc/os-release
   48  echo "OS" >> ws2.txt
   49  cat /etc/os-release >> ws2.txt
   50  vim ws2.txt
   51  history > cmds.log
   52  vim cmds.log
   53  ls
   54  cat ws2.txt
   55  git add ws2.txt
   56  git add cmds.log
   57  git commit -m "assignment #2"
   58  git push origin main
   59  git pull origin main --rebase
   60  git push origin main
   61  ls
   62  cd
   63  ld
   64  ls
   65  cd cs131
   66  ls
   67  cd cs131
   68  ls
   69  git rebase --abort
   70  ls
   71  git pull origin main --no-rebase
   72  git push origin main
   73  ls
   74  git pull
   75  ls
   76  git log --oneline --graph --decorate --all
   77  ls
   78  git add .
   79  git status
   80  git commit -m
   81  ls
   82  cd ws2
   83  ls
   84  git add ws2
   85  cd .
   86  ls
   87  cd ..
   88  ls
   89  git add ws2
   90  git status
   91  git add cmds.log
   92  ls
   93  cd ws2
   94  ls
   95  git add cmds.log
   96  git add ws2.txt
   97  git status
   98  git commit -m
   99  git status
  100  git commit -m "hw2"
  101  git push origin master
  102  git push origin main
  103  git pull origin main --rebase
  104  cat README.md
  105  nano README.md
  106  vim README.md
  107  ls -l README.md
  108  ls
  109  cd
  110  ls
  111  cd cs131
  112  ls
  113  cd cs131
  114  ls
  115  git status
  116  git rebase --abort
  117  ls
  118  cd cs131
  119  ls
  120  cd ws2
  121  ls
  122  git status
  123  git add .
  124  git status
  125  ls -la
  126  git ls-files | grep ws2
  127  git push origin main
  128  git pull --rebase origin main
  129  git rebase --abort
  130  ls
  131  git status
  132  ls
  133  cd
  134  cd ..
  135  ls
  136  cd carter_alemania
  137  ls
  138  cd cs131
  139  ls
  140  cd cs131
  141  git ls-files --deleted
  142  git restore .
  143  ls
  144  git rebase --abort
  145  git ls-files --deletedcp -r ~/cs131/ws2 ~/ws2_backup
  146  cp -r ~/cs131/ws2 ~/ws2_backup
  147  ls
  148  cd ws2
  149  ls
  150  cd ~/cs131
  151  git reset --hard origin/main
  152  git stauts
  153  ls
  154  git status
  155  cp -r ~/ws2_backup ~/cs131/ws2
  156  cd ~/cs131
  157  git add ws2
  158  git commit -m "Re-adding ws2 directory"
  159  git push origin main --force
  160  sudo apt update
  161  sudo apt install python3-pip -y
  162  pip install gdown
  163  sudo dpkg --configure -a
  164  sudo apt update
  165  sudo apt install python3-pip -y
  166  sudo apt clean
  167  sudo apt update
  168  sudo apt install python3-pip -y
  169  pip install gdown
  170  gdown 1fc3saVu2GtG3Rft3zI-VOOsZhaqcSyn3
  171  ~/.local/bin/gdown 1fc3saVu2GtG3Rft3zI-VOOsZhaqcSyn3
  172  echo 'export PATH=$HOME/.local/bin:$PATH' >> ~/.bashrc
  173  source ~/.bashrc
  174  gdown 1fc3saVu2GtG3Rft3zI-VOOsZhaqcSyn3
  175  grep "^2019-01-02" dataset.csv > jan2_trips.csv
  176  grep "^2019-01-02" 2019-01-h1.csv > jan2_trips.csv
  177  ls
  178  cd jan2_trips.csv
  179  grep "^2019-01-10" 2019-01-h1.csv > jan10_trips.csv
  180  echo "Top 3 pickup locations on January 2" > ws3.txt
  181  cat top3_jan2.txt >> ws3.txt
  182  echo "" >> ws3.txt
  183  echo "Top 3 pickup locations on January 10" >> ws3.txt
  184  cat top3_jan10.txt >> ws3.txt
  186  vim ws3.txt
  189  echo "Top 3 pickup locations on January 2, 2019:" > ws3.txt
  190  cat top3_jan2.txt >> ws3.txt
  192  echo "Top 3 pickup locations on January 10, 2019:" >> ws3.txt
  193  cat top3_jan10.txt >> ws3.txt
  195  cat ws3.txt
  207  grep '"2019-01-02' 2019-01-h1.csv > jan2_trips.csv
  208  grep '"2019-01-10' 2019-01-h1.csv > jan10_trips.csv
  209  head -n 5 jan2_trips.csv
  210  head -n 5 jan10_trips.csv
  211  cut -d',' -f8 jan2_trips.csv | tr -d '"' | sort | uniq -c | sort -nr | head -3 > top3_jan2.txt
  212  cut -d',' -f8 jan10_trips.csv | tr -d '"' | sort | uniq -c | sort -nr | head -3 > top3_jan10.txt
  213  cat top3_jan2.txt
  214  cat top3_jan10.txt
  215  echo "Top 3 pickup locations on January 2" > ws3.txt
  216  cat top3_jan2.txt >> ws3.txt
  217  echo "" >> ws3.txt
  218  echo "Top 3 pickup locations on January 10" >> ws3.txt
  219  cat top3_jan10.txt >> ws3.txt
  220  echo "" >> ws3.txt
  221  vim ws3.txt
  222  history > cmds.log
